#
# There is insufficient memory for the Java Runtime Environment to continue.
# Native memory allocation (mmap) failed to map 157286400 bytes for committing reserved memory.
# Possible reasons:
#   The system is out of physical RAM or swap space
#   In 32 bit mode, the process size limit was hit
# Possible solutions:
#   Reduce memory load on the system
#   Increase physical memory or swap space
#   Check if swap backing store is full
#   Use 64 bit Java on a 64 bit OS
#   Decrease Java heap size (-Xmx/-Xms)
#   Decrease number of Java threads
#   Decrease Java thread stack sizes (-Xss)
#   Set larger code cache with -XX:ReservedCodeCacheSize=
# This output file may be truncated or incomplete.
#
#  Out of Memory Error (os_linux.cpp:2627), pid=24286, tid=140174611670784
#
# JRE version: Java(TM) SE Runtime Environment (8.0_72-b15) (build 1.8.0_72-b15)
# Java VM: Java HotSpot(TM) 64-Bit Server VM (25.72-b15 mixed mode linux-amd64 compressed oops)
# Failed to write core dump. Core dumps have been disabled. To enable core dumping, try "ulimit -c unlimited" before starting Java again
#

---------------  T H R E A D  ---------------

Current thread (0x00007f7d04074000):  VMThread [stack: 0x00007f7cf1df6000,0x00007f7cf1ef7000] [id=24293]

Stack: [0x00007f7cf1df6000,0x00007f7cf1ef7000],  sp=0x00007f7cf1ef5160,  free space=1020k
Native frames: (J=compiled Java code, j=interpreted, Vv=VM code, C=native code)
V  [libjvm.so+0xaba7ea]  VMError::report_and_die()+0x2ba
V  [libjvm.so+0x4f9e3b]  report_vm_out_of_memory(char const*, int, unsigned long, VMErrorType, char const*)+0x8b
V  [libjvm.so+0x91b613]  os::Linux::commit_memory_impl(char*, unsigned long, bool)+0x103
V  [libjvm.so+0x91bb69]  os::pd_commit_memory(char*, unsigned long, unsigned long, bool)+0x29
V  [libjvm.so+0x915e6a]  os::commit_memory(char*, unsigned long, unsigned long, bool)+0x2a
V  [libjvm.so+0x989543]  PSVirtualSpace::expand_by(unsigned long)+0x53
V  [libjvm.so+0x979e30]  PSOldGen::expand(unsigned long)+0x170
V  [libjvm.so+0x97a03b]  PSOldGen::resize(unsigned long)+0x1cb
V  [libjvm.so+0x981d11]  PSParallelCompact::invoke_no_policy(bool)+0x991
V  [libjvm.so+0x98766d]  PSScavenge::invoke()+0x1ad
V  [libjvm.so+0x93f300]  ParallelScavengeHeap::failed_mem_allocate(unsigned long)+0x70
V  [libjvm.so+0xabc207]  VM_ParallelGCFailedAllocation::doit()+0x97
V  [libjvm.so+0xac3c35]  VM_Operation::evaluate()+0x55
V  [libjvm.so+0xac200a]  VMThread::evaluate_operation(VM_Operation*)+0xba
V  [libjvm.so+0xac238e]  VMThread::loop()+0x1ce
V  [libjvm.so+0xac2800]  VMThread::run()+0x70
V  [libjvm.so+0x91d9d8]  java_start(Thread*)+0x108

VM_Operation (0x00007f7cf0b22ee0): ParallelGCFailedAllocation, mode: safepoint, requested by thread 0x00007f7d04191000


---------------  P R O C E S S  ---------------

Java Threads: ( => current thread )
  0x00007f7d04191000 JavaThread "pool-2-thread-4" [_thread_blocked, id=24306, stack(0x00007f7cf0a24000,0x00007f7cf0b25000)]
  0x00007f7d0418f800 JavaThread "pool-2-thread-3" [_thread_blocked, id=24305, stack(0x00007f7cf0b25000,0x00007f7cf0c26000)]
  0x00007f7d0418d800 JavaThread "pool-2-thread-2" [_thread_blocked, id=24304, stack(0x00007f7cf0c26000,0x00007f7cf0d27000)]
  0x00007f7d0418c800 JavaThread "pool-3-thread-1" [_thread_blocked, id=24303, stack(0x00007f7cf0d27000,0x00007f7cf0e28000)]
  0x00007f7d0418a800 JavaThread "pool-2-thread-1" [_thread_blocked, id=24302, stack(0x00007f7cf0e28000,0x00007f7cf0f29000)]
  0x00007f7d040c3000 JavaThread "Service Thread" daemon [_thread_blocked, id=24299, stack(0x00007f7cf110d000,0x00007f7cf120e000)]
  0x00007f7d040b8000 JavaThread "C1 CompilerThread1" daemon [_thread_blocked, id=24298, stack(0x00007f7cf120e000,0x00007f7cf130f000)]
  0x00007f7d040b5000 JavaThread "C2 CompilerThread0" daemon [_thread_blocked, id=24297, stack(0x00007f7cf130f000,0x00007f7cf1410000)]
  0x00007f7d040b4000 JavaThread "Signal Dispatcher" daemon [_thread_blocked, id=24296, stack(0x00007f7cf1410000,0x00007f7cf1511000)]
  0x00007f7d04080000 JavaThread "Finalizer" daemon [_thread_blocked, id=24295, stack(0x00007f7cf1bf4000,0x00007f7cf1cf5000)]
  0x00007f7d0407b800 JavaThread "Reference Handler" daemon [_thread_blocked, id=24294, stack(0x00007f7cf1cf5000,0x00007f7cf1df6000)]
  0x00007f7d0400a000 JavaThread "main" [_thread_blocked, id=24290, stack(0x00007f7d0bc72000,0x00007f7d0bd73000)]

Other Threads:
=>0x00007f7d04074000 VMThread [stack: 0x00007f7cf1df6000,0x00007f7cf1ef7000] [id=24293]
  0x00007f7d040c5800 WatcherThread [stack: 0x00007f7cf100c000,0x00007f7cf110d000] [id=24300]

VM state:at safepoint (normal execution)

VM Mutex/Monitor currently owned by a thread:  ([mutex/lock_event])
[0x00007f7d04005ed0] ExpandHeap_lock - owner thread: 0x00007f7d04074000
[0x00007f7d04006550] Threads_lock - owner thread: 0x00007f7d04074000
[0x00007f7d04006a50] Heap_lock - owner thread: 0x00007f7d04191000

Heap:
 PSYoungGen      total 237568K, used 22154K [0x00000000eab00000, 0x0000000100000000, 0x0000000100000000)
  eden space 121344K, 0% used [0x00000000eab00000,0x00000000eab00000,0x00000000f2180000)
  from space 116224K, 19% used [0x00000000f8e80000,0x00000000fa422928,0x0000000100000000)
  to   space 111616K, 0% used [0x00000000f2180000,0x00000000f2180000,0x00000000f8e80000)
 ParOldGen       total 310272K, used 309865K [0x00000000c0000000, 0x00000000d2f00000, 0x00000000eab00000)
  object space 310272K, 99% used [0x00000000c0000000,0x00000000d2e9a5a8,0x00000000d2f00000)
 Metaspace       used 6577K, capacity 7320K, committed 7680K, reserved 1056768K
  class space    used 616K, capacity 656K, committed 768K, reserved 1048576K

Card table byte_map: [0x00007f7d08836000,0x00007f7d08a37000] byte_map_base: 0x00007f7d08236000

Marking Bits: (ParMarkBitMap*) 0x00007f7d0b14c100
 Begin Bits: [0x00007f7cf3000000, 0x00007f7cf4000000)
 End Bits:   [0x00007f7cf4000000, 0x00007f7cf5000000)

Polling page: 0x00007f7d0bd93000

CodeCache: size=245760Kb used=11153Kb max_used=11184Kb free=234606Kb
 bounds [0x00007f7cf5000000, 0x00007f7cf5b00000, 0x00007f7d04000000]
 total_blobs=2694 nmethods=2426 adapters=182
 compilation: enabled

Compilation events (10 events):
Event: 46,705 Thread 0x00007f7d040b5000 nmethod 2730 0x00007f7cf5139310 code [0x00007f7cf5139500, 0x00007f7cf513a0c8]
Event: 46,705 Thread 0x00007f7d040b5000 2733       4       com.android.dx.ssa.InterferenceRegisterMapper::addInterfence (62 bytes)
Event: 49,883 Thread 0x00007f7d040b8000 2776 %     3       com.android.dx.ssa.back.SsaToRop::removePhiFunctions @ 56 (83 bytes)
Event: 49,886 Thread 0x00007f7d040b8000 nmethod 2776% 0x00007f7cf5115550 code [0x00007f7cf5115820, 0x00007f7cf5116c28]
Event: 49,887 Thread 0x00007f7d040b8000 2777       3       com.android.dx.ssa.back.SsaToRop::removePhiFunctions (83 bytes)
Event: 49,889 Thread 0x00007f7d040b8000 nmethod 2777 0x00007f7cf5ac3810 code [0x00007f7cf5ac3ae0, 0x00007f7cf5ac4de8]
Event: 50,101 Thread 0x00007f7d040b8000 2780       2       com.android.dx.dex.code.SwitchData::<init> (117 bytes)
Event: 50,102 Thread 0x00007f7d040b8000 nmethod 2780 0x00007f7cf5a67a10 code [0x00007f7cf5a67c00, 0x00007f7cf5a68188]
Event: 50,258 Thread 0x00007f7d040b5000 nmethod 2733 0x00007f7cf5aa6950 code [0x00007f7cf5aa6b40, 0x00007f7cf5aa7818]
Event: 50,259 Thread 0x00007f7d040b5000 2734       4       com.android.dx.dex.code.RopTranslator::pickOrder (400 bytes)

GC Heap History (10 events):
Event: 41,299 GC heap after
Heap after GC invocations=17 (full 3):
 PSYoungGen      total 244224K, used 48424K [0x00000000eab00000, 0x0000000100000000, 0x0000000100000000)
  eden space 171008K, 0% used [0x00000000eab00000,0x00000000eab00000,0x00000000f5200000)
  from space 73216K, 66% used [0x00000000fb880000,0x00000000fe7ca020,0x0000000100000000)
  to   space 89088K, 0% used [0x00000000f5200000,0x00000000f5200000,0x00000000fa900000)
 ParOldGen       total 310272K, used 197506K [0x00000000c0000000, 0x00000000d2f00000, 0x00000000eab00000)
  object space 310272K, 63% used [0x00000000c0000000,0x00000000cc0e08b8,0x00000000d2f00000)
 Metaspace       used 6570K, capacity 7320K, committed 7680K, reserved 1056768K
  class space    used 616K, capacity 656K, committed 768K, reserved 1048576K
}
Event: 42,730 GC heap before
{Heap before GC invocations=18 (full 3):
 PSYoungGen      total 244224K, used 219432K [0x00000000eab00000, 0x0000000100000000, 0x0000000100000000)
  eden space 171008K, 100% used [0x00000000eab00000,0x00000000f5200000,0x00000000f5200000)
  from space 73216K, 66% used [0x00000000fb880000,0x00000000fe7ca020,0x0000000100000000)
  to   space 89088K, 0% used [0x00000000f5200000,0x00000000f5200000,0x00000000fa900000)
 ParOldGen       total 310272K, used 197506K [0x00000000c0000000, 0x00000000d2f00000, 0x00000000eab00000)
  object space 310272K, 63% used [0x00000000c0000000,0x00000000cc0e08b8,0x00000000d2f00000)
 Metaspace       used 6573K, capacity 7320K, committed 7680K, reserved 1056768K
  class space    used 616K, capacity 656K, committed 768K, reserved 1048576K
Event: 43,154 GC heap after
Heap after GC invocations=18 (full 3):
 PSYoungGen      total 244224K, used 72864K [0x00000000eab00000, 0x0000000100000000, 0x0000000100000000)
  eden space 171008K, 0% used [0x00000000eab00000,0x00000000eab00000,0x00000000f5200000)
  from space 73216K, 99% used [0x00000000f5200000,0x00000000f99282e0,0x00000000f9980000)
  to   space 97792K, 0% used [0x00000000fa080000,0x00000000fa080000,0x0000000100000000)
 ParOldGen       total 310272K, used 197514K [0x00000000c0000000, 0x00000000d2f00000, 0x00000000eab00000)
  object space 310272K, 63% used [0x00000000c0000000,0x00000000cc0e28b8,0x00000000d2f00000)
 Metaspace       used 6573K, capacity 7320K, committed 7680K, reserved 1056768K
  class space    used 616K, capacity 656K, committed 768K, reserved 1048576K
}
Event: 44,517 GC heap before
{Heap before GC invocations=19 (full 3):
 PSYoungGen      total 244224K, used 243872K [0x00000000eab00000, 0x0000000100000000, 0x0000000100000000)
  eden space 171008K, 100% used [0x00000000eab00000,0x00000000f5200000,0x00000000f5200000)
  from space 73216K, 99% used [0x00000000f5200000,0x00000000f99282e0,0x00000000f9980000)
  to   space 97792K, 0% used [0x00000000fa080000,0x00000000fa080000,0x0000000100000000)
 ParOldGen       total 310272K, used 197514K [0x00000000c0000000, 0x00000000d2f00000, 0x00000000eab00000)
  object space 310272K, 63% used [0x00000000c0000000,0x00000000cc0e28b8,0x00000000d2f00000)
 Metaspace       used 6574K, capacity 7320K, committed 7680K, reserved 1056768K
  class space    used 616K, capacity 656K, committed 768K, reserved 1048576K
Event: 44,801 GC heap after
Heap after GC invocations=19 (full 3):
 PSYoungGen      total 218624K, used 97775K [0x00000000eab00000, 0x0000000100000000, 0x0000000100000000)
  eden space 120832K, 0% used [0x00000000eab00000,0x00000000eab00000,0x00000000f2100000)
  from space 97792K, 99% used [0x00000000fa080000,0x00000000ffffbee0,0x0000000100000000)
  to   space 114176K, 0% used [0x00000000f2100000,0x00000000f2100000,0x00000000f9080000)
 ParOldGen       total 310272K, used 199343K [0x00000000c0000000, 0x00000000d2f00000, 0x00000000eab00000)
  object space 310272K, 64% used [0x00000000c0000000,0x00000000cc2abcc0,0x00000000d2f00000)
 Metaspace       used 6574K, capacity 7320K, committed 7680K, reserved 1056768K
  class space    used 616K, capacity 656K, committed 768K, reserved 1048576K
}
Event: 45,734 GC heap before
{Heap before GC invocations=20 (full 3):
 PSYoungGen      total 218624K, used 218607K [0x00000000eab00000, 0x0000000100000000, 0x0000000100000000)
  eden space 120832K, 100% used [0x00000000eab00000,0x00000000f2100000,0x00000000f2100000)
  from space 97792K, 99% used [0x00000000fa080000,0x00000000ffffbee0,0x0000000100000000)
  to   space 114176K, 0% used [0x00000000f2100000,0x00000000f2100000,0x00000000f9080000)
 ParOldGen       total 310272K, used 199343K [0x00000000c0000000, 0x00000000d2f00000, 0x00000000eab00000)
  object space 310272K, 64% used [0x00000000c0000000,0x00000000cc2abcc0,0x00000000d2f00000)
 Metaspace       used 6576K, capacity 7320K, committed 7680K, reserved 1056768K
  class space    used 616K, capacity 656K, committed 768K, reserved 1048576K
Event: 46,160 GC heap after
Heap after GC invocations=20 (full 3):
 PSYoungGen      total 192000K, used 71048K [0x00000000eab00000, 0x0000000100000000, 0x0000000100000000)
  eden space 120832K, 0% used [0x00000000eab00000,0x00000000eab00000,0x00000000f2100000)
  from space 71168K, 99% used [0x00000000f2100000,0x00000000f6662060,0x00000000f6680000)
  to   space 116224K, 0% used [0x00000000f8e80000,0x00000000f8e80000,0x0000000100000000)
 ParOldGen       total 310272K, used 246520K [0x00000000c0000000, 0x00000000d2f00000, 0x00000000eab00000)
  object space 310272K, 79% used [0x00000000c0000000,0x00000000cf0be028,0x00000000d2f00000)
 Metaspace       used 6576K, capacity 7320K, committed 7680K, reserved 1056768K
  class space    used 616K, capacity 656K, committed 768K, reserved 1048576K
}
Event: 50,284 GC heap before
{Heap before GC invocations=21 (full 3):
 PSYoungGen      total 192000K, used 191880K [0x00000000eab00000, 0x0000000100000000, 0x0000000100000000)
  eden space 120832K, 100% used [0x00000000eab00000,0x00000000f2100000,0x00000000f2100000)
  from space 71168K, 99% used [0x00000000f2100000,0x00000000f6662060,0x00000000f6680000)
  to   space 116224K, 0% used [0x00000000f8e80000,0x00000000f8e80000,0x0000000100000000)
 ParOldGen       total 310272K, used 246520K [0x00000000c0000000, 0x00000000d2f00000, 0x00000000eab00000)
  object space 310272K, 79% used [0x00000000c0000000,0x00000000cf0be028,0x00000000d2f00000)
 Metaspace       used 6577K, capacity 7320K, committed 7680K, reserved 1056768K
  class space    used 616K, capacity 656K, committed 768K, reserved 1048576K
Event: 50,561 GC heap after
Heap after GC invocations=21 (full 3):
 PSYoungGen      total 237568K, used 38176K [0x00000000eab00000, 0x0000000100000000, 0x0000000100000000)
  eden space 121344K, 0% used [0x00000000eab00000,0x00000000eab00000,0x00000000f2180000)
  from space 116224K, 32% used [0x00000000f8e80000,0x00000000fb3c8010,0x0000000100000000)
  to   space 111616K, 0% used [0x00000000f2180000,0x00000000f2180000,0x00000000f8e80000)
 ParOldGen       total 310272K, used 297621K [0x00000000c0000000, 0x00000000d2f00000, 0x00000000eab00000)
  object space 310272K, 95% used [0x00000000c0000000,0x00000000d22a5630,0x00000000d2f00000)
 Metaspace       used 6577K, capacity 7320K, committed 7680K, reserved 1056768K
  class space    used 616K, capacity 656K, committed 768K, reserved 1048576K
}
Event: 50,561 GC heap before
{Heap before GC invocations=22 (full 4):
 PSYoungGen      total 237568K, used 38176K [0x00000000eab00000, 0x0000000100000000, 0x0000000100000000)
  eden space 121344K, 0% used [0x00000000eab00000,0x00000000eab00000,0x00000000f2180000)
  from space 116224K, 32% used [0x00000000f8e80000,0x00000000fb3c8010,0x0000000100000000)
  to   space 111616K, 0% used [0x00000000f2180000,0x00000000f2180000,0x00000000f8e80000)
 ParOldGen       total 310272K, used 297621K [0x00000000c0000000, 0x00000000d2f00000, 0x00000000eab00000)
  object space 310272K, 95% used [0x00000000c0000000,0x00000000d22a5630,0x00000000d2f00000)
 Metaspace       used 6577K, capacity 7320K, committed 7680K, reserved 1056768K
  class space    used 616K, capacity 656K, committed 768K, reserved 1048576K

Deoptimization events (10 events):
Event: 34,335 Thread 0x00007f7d0418a800 Uncommon trap: reason=bimorphic action=maybe_recompile pc=0x00007f7cf59b10d0 method=com.android.dx.cf.code.BytecodeArray.parseInstruction(ILcom/android/dx/cf/code/BytecodeArray$Visitor;)I @ 1549
Event: 34,335 Thread 0x00007f7d0418a800 Uncommon trap: reason=bimorphic action=maybe_recompile pc=0x00007f7cf59b10d0 method=com.android.dx.cf.code.BytecodeArray.parseInstruction(ILcom/android/dx/cf/code/BytecodeArray$Visitor;)I @ 1549
Event: 34,711 Thread 0x00007f7d04191000 Uncommon trap: reason=bimorphic action=maybe_recompile pc=0x00007f7cf599c290 method=com.android.dx.rop.code.RegisterSpec.withSimpleType()Lcom/android/dx/rop/code/RegisterSpec; @ 21
Event: 35,228 Thread 0x00007f7d0418a800 Uncommon trap: reason=bimorphic action=maybe_recompile pc=0x00007f7cf599c290 method=com.android.dx.rop.code.RegisterSpec.withSimpleType()Lcom/android/dx/rop/code/RegisterSpec; @ 21
Event: 35,868 Thread 0x00007f7d0418a800 Uncommon trap: reason=bimorphic action=maybe_recompile pc=0x00007f7cf599c290 method=com.android.dx.rop.code.RegisterSpec.withSimpleType()Lcom/android/dx/rop/code/RegisterSpec; @ 21
Event: 37,399 Thread 0x00007f7d0418a800 Uncommon trap: reason=unstable_if action=reinterpret pc=0x00007f7cf596f668 method=com.android.dx.rop.cst.CstNat.equals(Ljava/lang/Object;)Z @ 25
Event: 44,802 Thread 0x00007f7d0418d800 Uncommon trap: reason=bimorphic action=maybe_recompile pc=0x00007f7cf59f90f4 method=com.android.dx.cf.code.BytecodeArray.parseInstruction(ILcom/android/dx/cf/code/BytecodeArray$Visitor;)I @ 1525
Event: 44,802 Thread 0x00007f7d0418d800 Uncommon trap: reason=bimorphic action=maybe_recompile pc=0x00007f7cf59f90f4 method=com.android.dx.cf.code.BytecodeArray.parseInstruction(ILcom/android/dx/cf/code/BytecodeArray$Visitor;)I @ 1525
Event: 45,426 Thread 0x00007f7d0418d800 Uncommon trap: reason=unstable_if action=reinterpret pc=0x00007f7cf5ad0260 method=com.android.dx.util.LabeledList.set(ILcom/android/dx/util/LabeledItem;)V @ 16
Event: 49,872 Thread 0x00007f7d0418f800 Uncommon trap: reason=unstable_if action=reinterpret pc=0x00007f7cf5139e50 method=com.android.dx.ssa.SsaBasicBlock.scheduleMovesFromPhis()V @ 63

Internal exceptions (6 events):
Event: 0,258 Thread 0x00007f7d0400a000 Exception <a 'java/lang/NoSuchMethodError': Method sun.misc.Unsafe.defineClass(Ljava/lang/String;[BII)Ljava/lang/Class; name or signature does not match> (0x00000000eab07cc0) thrown at [/HUDSON/workspace/8-2-build-linux-amd64/jdk8u72/5732/hotspot/src/shar
Event: 0,258 Thread 0x00007f7d0400a000 Exception <a 'java/lang/NoSuchMethodError': Method sun.misc.Unsafe.prefetchRead(Ljava/lang/Object;J)V name or signature does not match> (0x00000000eab07fa8) thrown at [/HUDSON/workspace/8-2-build-linux-amd64/jdk8u72/5732/hotspot/src/share/vm/prims/jni.cpp
Event: 3,631 Thread 0x00007f7d0418f800 Implicit null exception at 0x00007f7cf5319dcc to 0x00007f7cf531c505
Event: 5,380 Thread 0x00007f7d0400a000 Exception <a 'java/lang/ArrayIndexOutOfBoundsException': 18> (0x00000000efe916f0) thrown at [/HUDSON/workspace/8-2-build-linux-amd64/jdk8u72/5732/hotspot/src/share/vm/interpreter/interpreterRuntime.cpp, line 366]
Event: 5,381 Thread 0x00007f7d0400a000 Exception <a 'java/lang/ArrayIndexOutOfBoundsException'> (0x00000000efe93270) thrown at [/HUDSON/workspace/8-2-build-linux-amd64/jdk8u72/5732/hotspot/src/share/vm/runtime/sharedRuntime.cpp, line 605]
Event: 5,382 Thread 0x00007f7d0400a000 Exception <a 'java/lang/ArrayIndexOutOfBoundsException'> (0x00000000efe94558) thrown at [/HUDSON/workspace/8-2-build-linux-amd64/jdk8u72/5732/hotspot/src/share/vm/runtime/sharedRuntime.cpp, line 605]

Events (10 events):
Event: 49,933 Thread 0x00007f7d0418a800 DEOPT UNPACKING pc=0x00007f7cf5047233 sp=0x00007f7cf0f26c60 mode 0
Event: 50,258 Thread 0x00007f7d040b5000 flushing nmethod 0x00007f7cf5100190
Event: 50,258 Thread 0x00007f7d040b5000 flushing nmethod 0x00007f7cf51091d0
Event: 50,258 Thread 0x00007f7d040b5000 flushing nmethod 0x00007f7cf5125850
Event: 50,259 Thread 0x00007f7d040b5000 flushing nmethod 0x00007f7cf514ef90
Event: 50,259 Thread 0x00007f7d040b5000 flushing nmethod 0x00007f7cf51547d0
Event: 50,259 Thread 0x00007f7d040b5000 flushing nmethod 0x00007f7cf51568d0
Event: 50,259 Thread 0x00007f7d040b5000 flushing nmethod 0x00007f7cf51570d0
Event: 50,259 Thread 0x00007f7d040b5000 flushing nmethod 0x00007f7cf5158110
Event: 50,284 Executing VM operation: ParallelGCFailedAllocation


Dynamic libraries:
00400000-00401000 r-xp 00000000 08:05 2509422                            /usr/lib/jvm/java-8-oracle/bin/java
00600000-00601000 rw-p 00000000 08:05 2509422                            /usr/lib/jvm/java-8-oracle/bin/java
01149000-0118d000 rw-p 00000000 00:00 0                                  [heap]
c0000000-d2f00000 rw-p 00000000 00:00 0 
dc500000-eab00000 ---p 00000000 00:00 0 
eab00000-100000000 rw-p 00000000 00:00 0 
100000000-1000c0000 rw-p 00000000 00:00 0 
1000c0000-140000000 ---p 00000000 00:00 0 
7f7cb4000000-7f7cb4039000 rw-p 00000000 00:00 0 
7f7cb4039000-7f7cb8000000 ---p 00000000 00:00 0 
7f7cbc000000-7f7cbc021000 rw-p 00000000 00:00 0 
7f7cbc021000-7f7cc0000000 ---p 00000000 00:00 0 
7f7cc0000000-7f7cc002b000 rw-p 00000000 00:00 0 
7f7cc002b000-7f7cc4000000 ---p 00000000 00:00 0 
7f7cc4000000-7f7cc4021000 rw-p 00000000 00:00 0 
7f7cc4021000-7f7cc8000000 ---p 00000000 00:00 0 
7f7cc8000000-7f7cc8022000 rw-p 00000000 00:00 0 
7f7cc8022000-7f7ccc000000 ---p 00000000 00:00 0 
7f7ccc000000-7f7cccba3000 rw-p 00000000 00:00 0 
7f7cccba3000-7f7cd0000000 ---p 00000000 00:00 0 
7f7cd0000000-7f7cd0021000 rw-p 00000000 00:00 0 
7f7cd0021000-7f7cd4000000 ---p 00000000 00:00 0 
7f7cd4000000-7f7cd4021000 rw-p 00000000 00:00 0 
7f7cd4021000-7f7cd8000000 ---p 00000000 00:00 0 
7f7cd8000000-7f7cd9ba9000 rw-p 00000000 00:00 0 
7f7cd9ba9000-7f7cdc000000 ---p 00000000 00:00 0 
7f7cdc000000-7f7cdc021000 rw-p 00000000 00:00 0 
7f7cdc021000-7f7ce0000000 ---p 00000000 00:00 0 
7f7ce0000000-7f7ce0021000 rw-p 00000000 00:00 0 
7f7ce0021000-7f7ce4000000 ---p 00000000 00:00 0 
7f7ce4000000-7f7ce4021000 rw-p 00000000 00:00 0 
7f7ce4021000-7f7ce8000000 ---p 00000000 00:00 0 
7f7ce8000000-7f7ce82a5000 rw-p 00000000 00:00 0 
7f7ce82a5000-7f7cec000000 ---p 00000000 00:00 0 
7f7cec000000-7f7cec021000 rw-p 00000000 00:00 0 
7f7cec021000-7f7cf0000000 ---p 00000000 00:00 0 
7f7cf0a24000-7f7cf0a27000 ---p 00000000 00:00 0 
7f7cf0a27000-7f7cf0b25000 rw-p 00000000 00:00 0                          [stack:24306]
7f7cf0b25000-7f7cf0b28000 ---p 00000000 00:00 0 
7f7cf0b28000-7f7cf0c26000 rw-p 00000000 00:00 0                          [stack:24305]
7f7cf0c26000-7f7cf0c29000 ---p 00000000 00:00 0 
7f7cf0c29000-7f7cf0d27000 rw-p 00000000 00:00 0                          [stack:24304]
7f7cf0d27000-7f7cf0d2a000 ---p 00000000 00:00 0 
7f7cf0d2a000-7f7cf0e28000 rw-p 00000000 00:00 0                          [stack:24303]
7f7cf0e28000-7f7cf0e2b000 ---p 00000000 00:00 0 
7f7cf0e2b000-7f7cf0f29000 rw-p 00000000 00:00 0                          [stack:24302]
7f7cf0f29000-7f7cf100c000 r--s 0097b000 08:05 2370138                    /home/setyo/AndroidStudioProjects/Revice/app/build/intermediates/transforms/jarMerging/debug/jars/1/1f/combined.jar
7f7cf100c000-7f7cf100d000 ---p 00000000 00:00 0 
7f7cf100d000-7f7cf110d000 rw-p 00000000 00:00 0                          [stack:24300]
7f7cf110d000-7f7cf1110000 ---p 00000000 00:00 0 
7f7cf1110000-7f7cf120e000 rw-p 00000000 00:00 0                          [stack:24299]
7f7cf120e000-7f7cf1211000 ---p 00000000 00:00 0 
7f7cf1211000-7f7cf130f000 rw-p 00000000 00:00 0                          [stack:24298]
7f7cf130f000-7f7cf1312000 ---p 00000000 00:00 0 
7f7cf1312000-7f7cf1410000 rw-p 00000000 00:00 0                          [stack:24297]
7f7cf1410000-7f7cf1413000 ---p 00000000 00:00 0 
7f7cf1413000-7f7cf1511000 rw-p 00000000 00:00 0                          [stack:24296]
7f7cf1511000-7f7cf1bf4000 r--p 00000000 08:05 2498521                    /usr/lib/locale/locale-archive
7f7cf1bf4000-7f7cf1bf7000 ---p 00000000 00:00 0 
7f7cf1bf7000-7f7cf1cf5000 rw-p 00000000 00:00 0                          [stack:24295]
7f7cf1cf5000-7f7cf1cf8000 ---p 00000000 00:00 0 
7f7cf1cf8000-7f7cf1df6000 rw-p 00000000 00:00 0                          [stack:24294]
7f7cf1df6000-7f7cf1df7000 ---p 00000000 00:00 0 
7f7cf1df7000-7f7cf2ec0000 rw-p 00000000 00:00 0                          [stack:24293]
7f7cf2ec0000-7f7cf3000000 ---p 00000000 00:00 0 
7f7cf3000000-7f7cf5000000 rw-p 00000000 00:00 0 
7f7cf5000000-7f7cf5b00000 rwxp 00000000 00:00 0 
7f7cf5b00000-7f7d04000000 ---p 00000000 00:00 0 
7f7d04000000-7f7d043a1000 rw-p 00000000 00:00 0 
7f7d043a1000-7f7d08000000 ---p 00000000 00:00 0 
7f7d08020000-7f7d08090000 rw-p 00000000 00:00 0 
7f7d08090000-7f7d08268000 r--s 03d1d000 08:05 2635952                    /usr/lib/jvm/java-8-oracle/jre/lib/rt.jar
7f7d08268000-7f7d084de000 rw-p 00000000 00:00 0 
7f7d084de000-7f7d084df000 ---p 00000000 00:00 0 
7f7d084df000-7f7d085df000 rw-p 00000000 00:00 0                          [stack:24292]
7f7d085df000-7f7d085e0000 ---p 00000000 00:00 0 
7f7d085e0000-7f7d08778000 rw-p 00000000 00:00 0                          [stack:24291]
7f7d08778000-7f7d08836000 ---p 00000000 00:00 0 
7f7d08836000-7f7d088ce000 rw-p 00000000 00:00 0 
7f7d088ce000-7f7d0898b000 ---p 00000000 00:00 0 
7f7d0898b000-7f7d08a36000 rw-p 00000000 00:00 0 
7f7d08a36000-7f7d08a63000 rw-p 00000000 00:00 0 
7f7d08a63000-7f7d08df7000 ---p 00000000 00:00 0 
7f7d08df7000-7f7d08e11000 r-xp 00000000 08:05 2766558                    /usr/lib/jvm/java-8-oracle/jre/lib/amd64/libzip.so
7f7d08e11000-7f7d09011000 ---p 0001a000 08:05 2766558                    /usr/lib/jvm/java-8-oracle/jre/lib/amd64/libzip.so
7f7d09011000-7f7d09012000 rw-p 0001a000 08:05 2766558                    /usr/lib/jvm/java-8-oracle/jre/lib/amd64/libzip.so
7f7d09012000-7f7d0901d000 r-xp 00000000 08:05 2888103                    /lib/x86_64-linux-gnu/libnss_files-2.19.so
7f7d0901d000-7f7d0921c000 ---p 0000b000 08:05 2888103                    /lib/x86_64-linux-gnu/libnss_files-2.19.so
7f7d0921c000-7f7d0921d000 r--p 0000a000 08:05 2888103                    /lib/x86_64-linux-gnu/libnss_files-2.19.so
7f7d0921d000-7f7d0921e000 rw-p 0000b000 08:05 2888103                    /lib/x86_64-linux-gnu/libnss_files-2.19.so
7f7d0921e000-7f7d09229000 r-xp 00000000 08:05 2888113                    /lib/x86_64-linux-gnu/libnss_nis-2.19.so
7f7d09229000-7f7d09428000 ---p 0000b000 08:05 2888113                    /lib/x86_64-linux-gnu/libnss_nis-2.19.so
7f7d09428000-7f7d09429000 r--p 0000a000 08:05 2888113                    /lib/x86_64-linux-gnu/libnss_nis-2.19.so
7f7d09429000-7f7d0942a000 rw-p 0000b000 08:05 2888113                    /lib/x86_64-linux-gnu/libnss_nis-2.19.so
7f7d0942a000-7f7d09441000 r-xp 00000000 08:05 2888097                    /lib/x86_64-linux-gnu/libnsl-2.19.so
7f7d09441000-7f7d09640000 ---p 00017000 08:05 2888097                    /lib/x86_64-linux-gnu/libnsl-2.19.so
7f7d09640000-7f7d09641000 r--p 00016000 08:05 2888097                    /lib/x86_64-linux-gnu/libnsl-2.19.so
7f7d09641000-7f7d09642000 rw-p 00017000 08:05 2888097                    /lib/x86_64-linux-gnu/libnsl-2.19.so
7f7d09642000-7f7d09644000 rw-p 00000000 00:00 0 
7f7d09644000-7f7d0964d000 r-xp 00000000 08:05 2888099                    /lib/x86_64-linux-gnu/libnss_compat-2.19.so
7f7d0964d000-7f7d0984c000 ---p 00009000 08:05 2888099                    /lib/x86_64-linux-gnu/libnss_compat-2.19.so
7f7d0984c000-7f7d0984d000 r--p 00008000 08:05 2888099                    /lib/x86_64-linux-gnu/libnss_compat-2.19.so
7f7d0984d000-7f7d0984e000 rw-p 00009000 08:05 2888099                    /lib/x86_64-linux-gnu/libnss_compat-2.19.so
7f7d0984e000-7f7d09878000 r-xp 00000000 08:05 2766560                    /usr/lib/jvm/java-8-oracle/jre/lib/amd64/libjava.so
7f7d09878000-7f7d09a78000 ---p 0002a000 08:05 2766560                    /usr/lib/jvm/java-8-oracle/jre/lib/amd64/libjava.so
7f7d09a78000-7f7d09a7a000 rw-p 0002a000 08:05 2766560                    /usr/lib/jvm/java-8-oracle/jre/lib/amd64/libjava.so
7f7d09a7a000-7f7d09a87000 r-xp 00000000 08:05 2766582                    /usr/lib/jvm/java-8-oracle/jre/lib/amd64/libverify.so
7f7d09a87000-7f7d09c87000 ---p 0000d000 08:05 2766582                    /usr/lib/jvm/java-8-oracle/jre/lib/amd64/libverify.so
7f7d09c87000-7f7d09c89000 rw-p 0000d000 08:05 2766582                    /usr/lib/jvm/java-8-oracle/jre/lib/amd64/libverify.so
7f7d09c89000-7f7d09c90000 r-xp 00000000 08:05 2888156                    /lib/x86_64-linux-gnu/librt-2.19.so
7f7d09c90000-7f7d09e8f000 ---p 00007000 08:05 2888156                    /lib/x86_64-linux-gnu/librt-2.19.so
7f7d09e8f000-7f7d09e90000 r--p 00006000 08:05 2888156                    /lib/x86_64-linux-gnu/librt-2.19.so
7f7d09e90000-7f7d09e91000 rw-p 00007000 08:05 2888156                    /lib/x86_64-linux-gnu/librt-2.19.so
7f7d09e91000-7f7d09f96000 r-xp 00000000 08:05 2888078                    /lib/x86_64-linux-gnu/libm-2.19.so
7f7d09f96000-7f7d0a195000 ---p 00105000 08:05 2888078                    /lib/x86_64-linux-gnu/libm-2.19.so
7f7d0a195000-7f7d0a196000 r--p 00104000 08:05 2888078                    /lib/x86_64-linux-gnu/libm-2.19.so
7f7d0a196000-7f7d0a197000 rw-p 00105000 08:05 2888078                    /lib/x86_64-linux-gnu/libm-2.19.so
7f7d0a197000-7f7d0ae56000 r-xp 00000000 08:05 2766579                    /usr/lib/jvm/java-8-oracle/jre/lib/amd64/server/libjvm.so
7f7d0ae56000-7f7d0b055000 ---p 00cbf000 08:05 2766579                    /usr/lib/jvm/java-8-oracle/jre/lib/amd64/server/libjvm.so
7f7d0b055000-7f7d0b12e000 rw-p 00cbe000 08:05 2766579                    /usr/lib/jvm/java-8-oracle/jre/lib/amd64/server/libjvm.so
7f7d0b12e000-7f7d0b177000 rw-p 00000000 00:00 0 
7f7d0b177000-7f7d0b332000 r-xp 00000000 08:05 2888028                    /lib/x86_64-linux-gnu/libc-2.19.so
7f7d0b332000-7f7d0b531000 ---p 001bb000 08:05 2888028                    /lib/x86_64-linux-gnu/libc-2.19.so
7f7d0b531000-7f7d0b535000 r--p 001ba000 08:05 2888028                    /lib/x86_64-linux-gnu/libc-2.19.so
7f7d0b535000-7f7d0b537000 rw-p 001be000 08:05 2888028                    /lib/x86_64-linux-gnu/libc-2.19.so
7f7d0b537000-7f7d0b53c000 rw-p 00000000 00:00 0 
7f7d0b53c000-7f7d0b53f000 r-xp 00000000 08:05 2888045                    /lib/x86_64-linux-gnu/libdl-2.19.so
7f7d0b53f000-7f7d0b73e000 ---p 00003000 08:05 2888045                    /lib/x86_64-linux-gnu/libdl-2.19.so
7f7d0b73e000-7f7d0b73f000 r--p 00002000 08:05 2888045                    /lib/x86_64-linux-gnu/libdl-2.19.so
7f7d0b73f000-7f7d0b740000 rw-p 00003000 08:05 2888045                    /lib/x86_64-linux-gnu/libdl-2.19.so
7f7d0b740000-7f7d0b755000 r-xp 00000000 08:05 2510464                    /usr/lib/jvm/java-8-oracle/lib/amd64/jli/libjli.so
7f7d0b755000-7f7d0b955000 ---p 00015000 08:05 2510464                    /usr/lib/jvm/java-8-oracle/lib/amd64/jli/libjli.so
7f7d0b955000-7f7d0b956000 rw-p 00015000 08:05 2510464                    /usr/lib/jvm/java-8-oracle/lib/amd64/jli/libjli.so
7f7d0b956000-7f7d0b96f000 r-xp 00000000 08:05 2888148                    /lib/x86_64-linux-gnu/libpthread-2.19.so
7f7d0b96f000-7f7d0bb6e000 ---p 00019000 08:05 2888148                    /lib/x86_64-linux-gnu/libpthread-2.19.so
7f7d0bb6e000-7f7d0bb6f000 r--p 00018000 08:05 2888148                    /lib/x86_64-linux-gnu/libpthread-2.19.so
7f7d0bb6f000-7f7d0bb70000 rw-p 00019000 08:05 2888148                    /lib/x86_64-linux-gnu/libpthread-2.19.so
7f7d0bb70000-7f7d0bb74000 rw-p 00000000 00:00 0 
7f7d0bb74000-7f7d0bb97000 r-xp 00000000 08:05 2888004                    /lib/x86_64-linux-gnu/ld-2.19.so
7f7d0bb99000-7f7d0bc72000 rw-p 00000000 00:00 0 
7f7d0bc72000-7f7d0bc75000 ---p 00000000 00:00 0 
7f7d0bc75000-7f7d0bd77000 rw-p 00000000 00:00 0                          [stack:24290]
7f7d0bd7a000-7f7d0bd7b000 rw-p 00000000 00:00 0 
7f7d0bd7b000-7f7d0bd8a000 r--s 000df000 08:05 2897579                    /home/setyo/app/sdk/build-tools/23.0.2/lib/dx.jar
7f7d0bd8a000-7f7d0bd92000 rw-s 00000000 08:05 431100                     /tmp/hsperfdata_setyo/24286
7f7d0bd92000-7f7d0bd93000 rw-p 00000000 00:00 0 
7f7d0bd93000-7f7d0bd94000 ---p 00000000 00:00 0 
7f7d0bd94000-7f7d0bd96000 rw-p 00000000 00:00 0 
7f7d0bd96000-7f7d0bd97000 r--p 00022000 08:05 2888004                    /lib/x86_64-linux-gnu/ld-2.19.so
7f7d0bd97000-7f7d0bd98000 rw-p 00023000 08:05 2888004                    /lib/x86_64-linux-gnu/ld-2.19.so
7f7d0bd98000-7f7d0bd99000 rw-p 00000000 00:00 0 
7fff8bf95000-7fff8bfb6000 rw-p 00000000 00:00 0                          [stack]
7fff8bff2000-7fff8bff4000 r--p 00000000 00:00 0                          [vvar]
7fff8bff4000-7fff8bff6000 r-xp 00000000 00:00 0                          [vdso]
ffffffffff600000-ffffffffff601000 r-xp 00000000 00:00 0                  [vsyscall]

VM Arguments:
jvm_args: -Djava.awt.headless=true -Xmx1024M -Dfile.encoding=UTF-8 -Duser.country=US -Duser.language=en -Duser.variant 
java_command: com.android.dx.command.Main --dex --num-threads=4 --multi-dex --main-dex-list /home/setyo/AndroidStudioProjects/Revice/app/build/intermediates/multi-dex/debug/maindexlist.txt --output /home/setyo/AndroidStudioProjects/Revice/app/build/intermediates/transforms/dex/debug/folders/1000/1f/main /home/setyo/AndroidStudioProjects/Revice/app/build/intermediates/transforms/jarMerging/debug/jars/1/1f/combined.jar
java_class_path (initial): /home/setyo/app/sdk/build-tools/23.0.2/lib/dx.jar
Launcher Type: SUN_STANDARD

Environment Variables:
PATH=/usr/local/sbin:/usr/local/bin:/usr/sbin:/usr/bin:/sbin:/bin:/usr/games:/usr/local/games
LD_LIBRARY_PATH=/home/setyo/app/android-studio/bin:
SHELL=/usr/bin/zsh
DISPLAY=:0

Signal Handlers:
SIGSEGV: [libjvm.so+0xabb070], sa_mask[0]=11111111011111111101111111111110, sa_flags=SA_RESTART|SA_SIGINFO
SIGBUS: [libjvm.so+0xabb070], sa_mask[0]=11111111011111111101111111111110, sa_flags=SA_RESTART|SA_SIGINFO
SIGFPE: [libjvm.so+0x918480], sa_mask[0]=11111111011111111101111111111110, sa_flags=SA_RESTART|SA_SIGINFO
SIGPIPE: [libjvm.so+0x918480], sa_mask[0]=11111111011111111101111111111110, sa_flags=SA_RESTART|SA_SIGINFO
SIGXFSZ: [libjvm.so+0x918480], sa_mask[0]=11111111011111111101111111111110, sa_flags=SA_RESTART|SA_SIGINFO
SIGILL: [libjvm.so+0x918480], sa_mask[0]=11111111011111111101111111111110, sa_flags=SA_RESTART|SA_SIGINFO
SIGUSR1: SIG_DFL, sa_mask[0]=00000000000000000000000000000000, sa_flags=none
SIGUSR2: [libjvm.so+0x919ab0], sa_mask[0]=00100000000000000000000000000000, sa_flags=SA_RESTART|SA_SIGINFO
SIGHUP: [libjvm.so+0x91aeb0], sa_mask[0]=11111111011111111101111111111110, sa_flags=SA_RESTART|SA_SIGINFO
SIGINT: [libjvm.so+0x91aeb0], sa_mask[0]=11111111011111111101111111111110, sa_flags=SA_RESTART|SA_SIGINFO
SIGTERM: [libjvm.so+0x91aeb0], sa_mask[0]=11111111011111111101111111111110, sa_flags=SA_RESTART|SA_SIGINFO
SIGQUIT: [libjvm.so+0x91aeb0], sa_mask[0]=11111111011111111101111111111110, sa_flags=SA_RESTART|SA_SIGINFO


---------------  S Y S T E M  ---------------

OS:DISTRIB_ID=Ubuntu
DISTRIB_RELEASE=14.04
DISTRIB_CODENAME=trusty
DISTRIB_DESCRIPTION="Ubuntu 14.04.3 LTS"

uname:Linux 3.19.0-49-generic #55~14.04.1-Ubuntu SMP Fri Jan 22 11:24:31 UTC 2016 x86_64
libc:glibc 2.19 NPTL 2.19 
rlimit: STACK 8192k, CORE 0k, NPROC 23203, NOFILE 4096, AS infinity
load average:6,49 3,15 1,89

/proc/meminfo:
MemTotal:        5961328 kB
MemFree:          129952 kB
MemAvailable:     113280 kB
Buffers:            1132 kB
Cached:           423444 kB
SwapCached:        17296 kB
Active:          3044744 kB
Inactive:         917872 kB
Active(anon):    2998592 kB
Inactive(anon):   882644 kB
Active(file):      46152 kB
Inactive(file):    35228 kB
Unevictable:          52 kB
Mlocked:              52 kB
SwapTotal:       2047996 kB
SwapFree:            200 kB
Dirty:               204 kB
Writeback:             0 kB
AnonPages:       3524140 kB
Mapped:          1940920 kB
Shmem:            342808 kB
Slab:             108324 kB
SReclaimable:      54208 kB
SUnreclaim:        54116 kB
KernelStack:       12656 kB
PageTables:        67672 kB
NFS_Unstable:          0 kB
Bounce:                0 kB
WritebackTmp:          0 kB
CommitLimit:     5028660 kB
Committed_AS:   14512880 kB
VmallocTotal:   34359738367 kB
VmallocUsed:      554692 kB
VmallocChunk:   34359175132 kB
HardwareCorrupted:     0 kB
AnonHugePages:   1255424 kB
CmaTotal:              0 kB
CmaFree:               0 kB
HugePages_Total:       0
HugePages_Free:        0
HugePages_Rsvd:        0
HugePages_Surp:        0
Hugepagesize:       2048 kB
DirectMap4k:      416000 kB
DirectMap2M:     5724160 kB


CPU:total 2 (2 cores per cpu, 1 threads per core) family 6 model 42 stepping 7, cmov, cx8, fxsr, mmx, sse, sse2, sse3, ssse3, sse4.1, sse4.2, popcnt, clmul, tsc, tscinvbit

/proc/cpuinfo:
processor	: 0
vendor_id	: GenuineIntel
cpu family	: 6
model		: 42
model name	: Intel(R) Celeron(R) CPU B815 @ 1.60GHz
stepping	: 7
microcode	: 0x1b
cpu MHz		: 857.187
cache size	: 2048 KB
physical id	: 0
siblings	: 2
core id		: 0
cpu cores	: 2
apicid		: 0
initial apicid	: 0
fpu		: yes
fpu_exception	: yes
cpuid level	: 13
wp		: yes
flags		: fpu vme de pse tsc msr pae mce cx8 apic sep mtrr pge mca cmov pat pse36 clflush dts acpi mmx fxsr sse sse2 ss ht tm pbe syscall nx rdtscp lm constant_tsc arch_perfmon pebs bts rep_good nopl xtopology nonstop_tsc aperfmperf eagerfpu pni pclmulqdq dtes64 monitor ds_cpl vmx est tm2 ssse3 cx16 xtpr pdcm pcid sse4_1 sse4_2 x2apic popcnt tsc_deadline_timer xsave lahf_lm arat epb pln pts dtherm tpr_shadow vnmi flexpriority ept vpid xsaveopt
bugs		:
bogomips	: 3192.71
clflush size	: 64
cache_alignment	: 64
address sizes	: 36 bits physical, 48 bits virtual
power management:

processor	: 1
vendor_id	: GenuineIntel
cpu family	: 6
model		: 42
model name	: Intel(R) Celeron(R) CPU B815 @ 1.60GHz
stepping	: 7
microcode	: 0x1b
cpu MHz		: 809.812
cache size	: 2048 KB
physical id	: 0
siblings	: 2
core id		: 1
cpu cores	: 2
apicid		: 2
initial apicid	: 2
fpu		: yes
fpu_exception	: yes
cpuid level	: 13
wp		: yes
flags		: fpu vme de pse tsc msr pae mce cx8 apic sep mtrr pge mca cmov pat pse36 clflush dts acpi mmx fxsr sse sse2 ss ht tm pbe syscall nx rdtscp lm constant_tsc arch_perfmon pebs bts rep_good nopl xtopology nonstop_tsc aperfmperf eagerfpu pni pclmulqdq dtes64 monitor ds_cpl vmx est tm2 ssse3 cx16 xtpr pdcm pcid sse4_1 sse4_2 x2apic popcnt tsc_deadline_timer xsave lahf_lm arat epb pln pts dtherm tpr_shadow vnmi flexpriority ept vpid xsaveopt
bugs		:
bogomips	: 3192.71
clflush size	: 64
cache_alignment	: 64
address sizes	: 36 bits physical, 48 bits virtual
power management:



Memory: 4k page, physical 5961328k(129952k free), swap 2047996k(200k free)

vm_info: Java HotSpot(TM) 64-Bit Server VM (25.72-b15) for linux-amd64 JRE (1.8.0_72-b15), built on Dec 22 2015 22:00:07 by "java_re" with gcc 4.3.0 20080428 (Red Hat 4.3.0-8)

time: Fri Mar 11 01:42:30 2016
elapsed time: 54 seconds (0d 0h 0m 54s)

